2026-07-12T13:47:26.756-05:00  INFO 3760 --- [backend] [restartedMain] com.ventas.backend.BackendApplication    : Starting BackendApplication using Java 17.0.15 with PID 3760 (C:\Users\Brayan\Downloads\avance proyecto\backend\backend\target\classes started by Brayan in C:\Users\Brayan\Downloads\avance proyecto\backend\backend)
2026-07-12T13:47:26.770-05:00  INFO 3760 --- [backend] [restartedMain] com.ventas.backend.BackendApplication    : No active profile set, falling back to 1 default profile: "default"
2026-07-12T13:47:26.848-05:00  INFO 3760 --- [backend] [restartedMain] .e.DevToolsPropertyDefaultsPostProcessor : Devtools property defaults active! Set 'spring.devtools.add-properties' to 'false' to disable
2026-07-12T13:47:26.849-05:00  INFO 3760 --- [backend] [restartedMain] .e.DevToolsPropertyDefaultsPostProcessor : For additional web related logging consider setting the 'logging.level.web' property to 'DEBUG'
2026-07-12T13:47:28.197-05:00  INFO 3760 --- [backend] [restartedMain] .s.d.r.c.RepositoryConfigurationDelegate : Bootstrapping Spring Data JPA repositories in DEFAULT mode.
2026-07-12T13:47:28.269-05:00  INFO 3760 --- [backend] [restartedMain] .s.d.r.c.RepositoryConfigurationDelegate : Finished Spring Data repository scanning in 65 ms. Found 8 JPA repository interfaces.
2026-07-12T13:47:29.300-05:00  INFO 3760 --- [backend] [restartedMain] o.s.b.w.embedded.tomcat.TomcatWebServer  : Tomcat initialized with port 8080 (http)
2026-07-12T13:47:29.322-05:00  INFO 3760 --- [backend] [restartedMain] o.apache.catalina.core.StandardService   : Starting service [Tomcat]
2026-07-12T13:47:29.324-05:00  INFO 3760 --- [backend] [restartedMain] o.apache.catalina.core.StandardEngine    : Starting Servlet engine: [Apache Tomcat/10.1.20]
2026-07-12T13:47:29.428-05:00  INFO 3760 --- [backend] [restartedMain] o.a.c.c.C.[Tomcat].[localhost].[/]       : Initializing Spring embedded WebApplicationContext
2026-07-12T13:47:29.429-05:00  INFO 3760 --- [backend] [restartedMain] w.s.c.ServletWebServerApplicationContext : Root WebApplicationContext: initialization completed in 2578 ms
2026-07-12T13:47:30.126-05:00  INFO 3760 --- [backend] [restartedMain] o.hibernate.jpa.internal.util.LogHelper  : HHH000204: Processing PersistenceUnitInfo [name: default]
2026-07-12T13:47:30.277-05:00  INFO 3760 --- [backend] [restartedMain] org.hibernate.Version                    : HHH000412: Hibernate ORM core version 6.4.4.Final
2026-07-12T13:47:30.381-05:00  INFO 3760 --- [backend] [restartedMain] o.h.c.internal.RegionFactoryInitiator    : HHH000026: Second-level cache disabled
2026-07-12T13:47:30.705-05:00  INFO 3760 --- [backend] [restartedMain] o.s.o.j.p.SpringPersistenceUnitInfo      : No LoadTimeWeaver setup: ignoring JPA class transformer
2026-07-12T13:47:30.732-05:00  INFO 3760 --- [backend] [restartedMain] com.zaxxer.hikari.HikariDataSource       : HikariPool-1 - Starting...
2026-07-12T13:47:30.941-05:00  INFO 3760 --- [backend] [restartedMain] com.zaxxer.hikari.pool.HikariPool        : HikariPool-1 - Added connection com.mysql.cj.jdbc.ConnectionImpl@6b902831
2026-07-12T13:47:30.943-05:00  INFO 3760 --- [backend] [restartedMain] com.zaxxer.hikari.HikariDataSource       : HikariPool-1 - Start completed.
2026-07-12T13:47:31.020-05:00  WARN 3760 --- [backend] [restartedMain] org.hibernate.orm.deprecation            : HHH90000025: MySQL8Dialect does not need to be specified explicitly using 'hibernate.dialect' (remove the property setting and it will be selected by default)
2026-07-12T13:47:31.021-05:00  WARN 3760 --- [backend] [restartedMain] org.hibernate.orm.deprecation            : HHH90000026: MySQL8Dialect has been deprecated; use org.hibernate.dialect.MySQLDialect instead
2026-07-12T13:47:31.966-05:00  INFO 3760 --- [backend] [restartedMain] o.h.e.t.j.p.i.JtaPlatformInitiator       : HHH000489: No JTA platform available (set 'hibernate.transaction.jta.platform' to enable JTA platform integration)
2026-07-12T13:47:32.168-05:00  INFO 3760 --- [backend] [restartedMain] j.LocalContainerEntityManagerFactoryBean : Initialized JPA EntityManagerFactory for persistence unit 'default'
2026-07-12T13:47:32.902-05:00  INFO 3760 --- [backend] [restartedMain] o.s.d.j.r.query.QueryEnhancerFactory     : Hibernate is in classpath; If applicable, HQL parser will be used.
2026-07-12T13:47:33.345-05:00  WARN 3760 --- [backend] [restartedMain] JpaBaseConfiguration$JpaWebConfiguration : spring.jpa.open-in-view is enabled by default. Therefore, database queries may be performed during view rendering. Explicitly configure spring.jpa.open-in-view to disable this warning
2026-07-12T13:47:33.411-05:00  WARN 3760 --- [backend] [restartedMain] .s.s.UserDetailsServiceAutoConfiguration : 

Using generated security password: 458943de-176f-4f94-9841-9d1ff5ba2e7c

This generated password is for development use only. Your security configuration must be updated before running your application in production.

2026-07-12T13:47:34.034-05:00  INFO 3760 --- [backend] [restartedMain] o.s.b.a.e.web.EndpointLinksResolver      : Exposing 4 endpoint(s) beneath base path '/actuator'
2026-07-12T13:47:34.083-05:00  INFO 3760 --- [backend] [restartedMain] o.s.s.web.DefaultSecurityFilterChain     : Will secure any request with [org.springframework.security.web.session.DisableEncodeUrlFilter@276e5a04, org.springframework.security.web.context.request.async.WebAsyncManagerIntegrationFilter@f5d7e, org.springframework.security.web.context.SecurityContextHolderFilter@34bd888b, org.springframework.security.web.header.HeaderWriterFilter@263637da, org.springframework.web.filter.CorsFilter@1e11991f, org.springframework.security.web.authentication.logout.LogoutFilter@11c6fa10, com.ventas.backend.security.JwtFilter@9c98fef, org.springframework.security.web.savedrequest.RequestCacheAwareFilter@325965ac, org.springframework.security.web.servletapi.SecurityContextHolderAwareRequestFilter@5878dfcc, org.springframework.security.web.authentication.AnonymousAuthenticationFilter@830e689, org.springframework.security.web.session.SessionManagementFilter@2d3e7f77, org.springframework.security.web.access.ExceptionTranslationFilter@6e72a86, org.springframework.security.web.access.intercept.AuthorizationFilter@4b24f1b7]
2026-07-12T13:47:34.539-05:00  INFO 3760 --- [backend] [restartedMain] o.s.b.d.a.OptionalLiveReloadServer       : LiveReload server is running on port 35729
2026-07-12T13:47:34.615-05:00  INFO 3760 --- [backend] [restartedMain] o.s.b.w.embedded.tomcat.TomcatWebServer  : Tomcat started on port 8080 (http) with context path ''
2026-07-12T13:47:34.616-05:00  INFO 3760 --- [backend] [restartedMain] o.s.m.s.b.SimpleBrokerMessageHandler     : Starting...
2026-07-12T13:47:34.617-05:00  INFO 3760 --- [backend] [restartedMain] o.s.m.s.b.SimpleBrokerMessageHandler     : BrokerAvailabilityEvent[available=true, SimpleBrokerMessageHandler [org.springframework.messaging.simp.broker.DefaultSubscriptionRegistry@68b73ce5]]
2026-07-12T13:47:34.617-05:00  INFO 3760 --- [backend] [restartedMain] o.s.m.s.b.SimpleBrokerMessageHandler     : Started.
2026-07-12T13:47:34.631-05:00  INFO 3760 --- [backend] [restartedMain] com.ventas.backend.BackendApplication    : Started BackendApplication in 8.396 seconds (process running for 8.897)
2026-07-12T13:47:35.047-05:00  INFO 3760 --- [backend] [registrationTask1] d.c.b.a.c.r.ApplicationRegistrator       : Application registered itself as a973ff14be49
2026-07-12T13:47:35.114-05:00  INFO 3760 --- [backend] [http-nio-8080-exec-1] o.a.c.c.C.[Tomcat].[localhost].[/]       : Initializing Spring DispatcherServlet 'dispatcherServlet'
2026-07-12T13:47:35.114-05:00  INFO 3760 --- [backend] [http-nio-8080-exec-1] o.s.web.servlet.DispatcherServlet        : Initializing Servlet 'dispatcherServlet'
2026-07-12T13:47:35.116-05:00  INFO 3760 --- [backend] [http-nio-8080-exec-1] o.s.web.servlet.DispatcherServlet        : Completed initialization in 1 ms
2026-07-12T13:48:23.924-05:00  INFO 3760 --- [backend] [http-nio-8080-exec-3] c.v.backend.controller.AuthController    : Login intento: correo=ventas@ventas.com
2026-07-12T13:48:24.070-05:00  INFO 3760 --- [backend] [http-nio-8080-exec-3] c.v.backend.controller.AuthController    : Login OK: correo=ventas@ventas.com rol=VENDEDOR
2026-07-12T13:48:24.615-05:00  INFO 3760 --- [backend] [http-nio-8080-exec-12] com.ventas.backend.security.JwtFilter    : JWT validado OK: usuario=ventas@ventas.com rol=VENDEDOR recurso=/api/pedidos
2026-07-12T13:48:24.615-05:00  INFO 3760 --- [backend] [http-nio-8080-exec-9] com.ventas.backend.security.JwtFilter    : JWT validado OK: usuario=ventas@ventas.com rol=VENDEDOR recurso=/api/productos
2026-07-12T13:48:34.609-05:00  INFO 3760 --- [backend] [MessageBroker-2] o.s.w.s.c.WebSocketMessageBrokerStats    : WebSocketSession[1 current WS(1)-HttpStream(0)-HttpPoll(0), 1 total, 0 closed abnormally (0 connect failure, 0 send limit, 0 transport error)], stompSubProtocol[processed CONNECT(1)-CONNECTED(1)-DISCONNECT(0)], stompBrokerRelay[null], inboundChannel[pool size = 6, active threads = 0, queued tasks = 0, completed tasks = 6], outboundChannel[pool size = 1, active threads = 0, queued tasks = 0, completed tasks = 1], sockJsScheduler[pool size = 7, active threads = 1, queued tasks = 2, completed tasks = 3]
2026-07-12T13:50:51.874-05:00  INFO 3760 --- [backend] [http-nio-8080-exec-8] com.ventas.backend.security.JwtFilter    : JWT validado OK: usuario=ventas@ventas.com rol=VENDEDOR recurso=/api/clientes
2026-07-12T13:50:53.489-05:00  INFO 3760 --- [backend] [http-nio-8080-exec-3] com.ventas.backend.security.JwtFilter    : JWT validado OK: usuario=ventas@ventas.com rol=VENDEDOR recurso=/api/categorias
2026-07-12T13:50:54.969-05:00  INFO 3760 --- [backend] [http-nio-8080-exec-9] com.ventas.backend.security.JwtFilter    : JWT validado OK: usuario=ventas@ventas.com rol=VENDEDOR recurso=/api/productos
2026-07-12T13:50:55.006-05:00  INFO 3760 --- [backend] [http-nio-8080-exec-5] com.ventas.backend.security.JwtFilter    : JWT validado OK: usuario=ventas@ventas.com rol=VENDEDOR recurso=/api/categorias
2026-07-12T13:50:56.796-05:00  INFO 3760 --- [backend] [http-nio-8080-exec-12] com.ventas.backend.security.JwtFilter    : JWT validado OK: usuario=ventas@ventas.com rol=VENDEDOR recurso=/api/clientes
2026-07-12T13:50:56.821-05:00  INFO 3760 --- [backend] [http-nio-8080-exec-1] com.ventas.backend.security.JwtFilter    : JWT validado OK: usuario=ventas@ventas.com rol=VENDEDOR recurso=/api/productos
2026-07-12T13:50:58.002-05:00  INFO 3760 --- [backend] [http-nio-8080-exec-11] com.ventas.backend.security.JwtFilter    : JWT validado OK: usuario=ventas@ventas.com rol=VENDEDOR recurso=/api/pedidos
2026-07-12T13:51:00.284-05:00  INFO 3760 --- [backend] [http-nio-8080-exec-2] com.ventas.backend.security.JwtFilter    : JWT validado OK: usuario=ventas@ventas.com rol=VENDEDOR recurso=/api/pedidos/1
2026-07-12T13:51:01.894-05:00  INFO 3760 --- [backend] [http-nio-8080-exec-9] com.ventas.backend.security.JwtFilter    : JWT validado OK: usuario=ventas@ventas.com rol=VENDEDOR recurso=/api/pedidos
2026-07-12T13:53:04.815-05:00  WARN 3760 --- [backend] [registrationTask1] d.c.b.a.c.r.ApplicationRegistrator       : Failed to register application as Application(name=backend, managementUrl=http://localhost:8080/actuator, healthUrl=http://localhost:8080/actuator/health, serviceUrl=http://localhost:8080/) at spring-boot-admin ([http://localhost:8090/instances]): I/O error on POST request for "http://localhost:8090/instances": Connection refused: getsockopt. Further attempts are logged on DEBUG level
2026-07-12T14:02:23.023-05:00  INFO 6684 --- [backend] [restartedMain] com.ventas.backend.BackendApplication    : Starting BackendApplication using Java 17.0.15 with PID 6684 (C:\Users\Brayan\Downloads\avance proyecto\backend\backend\target\classes started by Brayan in c:\Users\Brayan\Downloads\avance proyecto\backend\backend)
2026-07-12T14:02:23.026-05:00  INFO 6684 --- [backend] [restartedMain] com.ventas.backend.BackendApplication    : No active profile set, falling back to 1 default profile: "default"
2026-07-12T14:02:23.080-05:00  INFO 6684 --- [backend] [restartedMain] .e.DevToolsPropertyDefaultsPostProcessor : Devtools property defaults active! Set 'spring.devtools.add-properties' to 'false' to disable
2026-07-12T14:02:23.081-05:00  INFO 6684 --- [backend] [restartedMain] .e.DevToolsPropertyDefaultsPostProcessor : For additional web related logging consider setting the 'logging.level.web' property to 'DEBUG'
2026-07-12T14:02:24.398-05:00  INFO 6684 --- [backend] [restartedMain] .s.d.r.c.RepositoryConfigurationDelegate : Bootstrapping Spring Data JPA repositories in DEFAULT mode.
2026-07-12T14:02:24.501-05:00  INFO 6684 --- [backend] [restartedMain] .s.d.r.c.RepositoryConfigurationDelegate : Finished Spring Data repository scanning in 86 ms. Found 8 JPA repository interfaces.
2026-07-12T14:02:25.459-05:00  INFO 6684 --- [backend] [restartedMain] o.s.b.w.embedded.tomcat.TomcatWebServer  : Tomcat initialized with port 8080 (http)
2026-07-12T14:02:25.483-05:00  INFO 6684 --- [backend] [restartedMain] o.apache.catalina.core.StandardService   : Starting service [Tomcat]
2026-07-12T14:02:25.484-05:00  INFO 6684 --- [backend] [restartedMain] o.apache.catalina.core.StandardEngine    : Starting Servlet engine: [Apache Tomcat/10.1.20]
2026-07-12T14:02:25.579-05:00  INFO 6684 --- [backend] [restartedMain] o.a.c.c.C.[Tomcat].[localhost].[/]       : Initializing Spring embedded WebApplicationContext
2026-07-12T14:02:25.580-05:00  INFO 6684 --- [backend] [restartedMain] w.s.c.ServletWebServerApplicationContext : Root WebApplicationContext: initialization completed in 2497 ms
2026-07-12T14:02:26.128-05:00  INFO 6684 --- [backend] [restartedMain] o.hibernate.jpa.internal.util.LogHelper  : HHH000204: Processing PersistenceUnitInfo [name: default]
2026-07-12T14:02:26.268-05:00  INFO 6684 --- [backend] [restartedMain] org.hibernate.Version                    : HHH000412: Hibernate ORM core version 6.4.4.Final
2026-07-12T14:02:26.361-05:00  INFO 6684 --- [backend] [restartedMain] o.h.c.internal.RegionFactoryInitiator    : HHH000026: Second-level cache disabled
2026-07-12T14:02:26.723-05:00  INFO 6684 --- [backend] [restartedMain] o.s.o.j.p.SpringPersistenceUnitInfo      : No LoadTimeWeaver setup: ignoring JPA class transformer
2026-07-12T14:02:26.748-05:00  INFO 6684 --- [backend] [restartedMain] com.zaxxer.hikari.HikariDataSource       : HikariPool-1 - Starting...
2026-07-12T14:02:26.960-05:00  INFO 6684 --- [backend] [restartedMain] com.zaxxer.hikari.pool.HikariPool        : HikariPool-1 - Added connection com.mysql.cj.jdbc.ConnectionImpl@2e99dea1
2026-07-12T14:02:26.962-05:00  INFO 6684 --- [backend] [restartedMain] com.zaxxer.hikari.HikariDataSource       : HikariPool-1 - Start completed.
2026-07-12T14:02:27.001-05:00  WARN 6684 --- [backend] [restartedMain] org.hibernate.orm.deprecation            : HHH90000025: MySQL8Dialect does not need to be specified explicitly using 'hibernate.dialect' (remove the property setting and it will be selected by default)
2026-07-12T14:02:27.002-05:00  WARN 6684 --- [backend] [restartedMain] org.hibernate.orm.deprecation            : HHH90000026: MySQL8Dialect has been deprecated; use org.hibernate.dialect.MySQLDialect instead
2026-07-12T14:02:27.870-05:00  INFO 6684 --- [backend] [restartedMain] o.h.e.t.j.p.i.JtaPlatformInitiator       : HHH000489: No JTA platform available (set 'hibernate.transaction.jta.platform' to enable JTA platform integration)
2026-07-12T14:02:27.961-05:00  INFO 6684 --- [backend] [restartedMain] j.LocalContainerEntityManagerFactoryBean : Initialized JPA EntityManagerFactory for persistence unit 'default'
2026-07-12T14:02:28.854-05:00  INFO 6684 --- [backend] [restartedMain] o.s.d.j.r.query.QueryEnhancerFactory     : Hibernate is in classpath; If applicable, HQL parser will be used.
2026-07-12T14:02:29.397-05:00  WARN 6684 --- [backend] [restartedMain] JpaBaseConfiguration$JpaWebConfiguration : spring.jpa.open-in-view is enabled by default. Therefore, database queries may be performed during view rendering. Explicitly configure spring.jpa.open-in-view to disable this warning
2026-07-12T14:02:29.469-05:00  WARN 6684 --- [backend] [restartedMain] .s.s.UserDetailsServiceAutoConfiguration : 

Using generated security password: b3d08b89-079b-4647-a9e9-a82b15b70eba

This generated password is for development use only. Your security configuration must be updated before running your application in production.

2026-07-12T14:02:30.158-05:00  INFO 6684 --- [backend] [restartedMain] o.s.b.a.e.web.EndpointLinksResolver      : Exposing 4 endpoint(s) beneath base path '/actuator'
2026-07-12T14:02:30.228-05:00  INFO 6684 --- [backend] [restartedMain] o.s.s.web.DefaultSecurityFilterChain     : Will secure any request with [org.springframework.security.web.session.DisableEncodeUrlFilter@30fdb5a, org.springframework.security.web.context.request.async.WebAsyncManagerIntegrationFilter@94120f6, org.springframework.security.web.context.SecurityContextHolderFilter@42d7d0da, org.springframework.security.web.header.HeaderWriterFilter@31ad0036, org.springframework.web.filter.CorsFilter@5202fad0, org.springframework.security.web.authentication.logout.LogoutFilter@2d348f4b, com.ventas.backend.security.JwtFilter@11e31bc6, org.springframework.security.web.savedrequest.RequestCacheAwareFilter@622c1051, org.springframework.security.web.servletapi.SecurityContextHolderAwareRequestFilter@207f5976, org.springframework.security.web.authentication.AnonymousAuthenticationFilter@3862bd8a, org.springframework.security.web.session.SessionManagementFilter@756be6f5, org.springframework.security.web.access.ExceptionTranslationFilter@673d7d9c, org.springframework.security.web.access.intercept.AuthorizationFilter@52275607]
2026-07-12T14:02:30.684-05:00  INFO 6684 --- [backend] [restartedMain] o.s.b.d.a.OptionalLiveReloadServer       : LiveReload server is running on port 35729
2026-07-12T14:02:30.753-05:00  INFO 6684 --- [backend] [restartedMain] o.s.b.w.embedded.tomcat.TomcatWebServer  : Tomcat started on port 8080 (http) with context path ''
2026-07-12T14:02:30.754-05:00  INFO 6684 --- [backend] [restartedMain] o.s.m.s.b.SimpleBrokerMessageHandler     : Starting...
2026-07-12T14:02:30.755-05:00  INFO 6684 --- [backend] [restartedMain] o.s.m.s.b.SimpleBrokerMessageHandler     : BrokerAvailabilityEvent[available=true, SimpleBrokerMessageHandler [org.springframework.messaging.simp.broker.DefaultSubscriptionRegistry@4bc1ed62]]
2026-07-12T14:02:30.755-05:00  INFO 6684 --- [backend] [restartedMain] o.s.m.s.b.SimpleBrokerMessageHandler     : Started.
2026-07-12T14:02:30.766-05:00  INFO 6684 --- [backend] [restartedMain] com.ventas.backend.BackendApplication    : Started BackendApplication in 8.18 seconds (process running for 8.719)
2026-07-12T14:02:31.235-05:00  INFO 6684 --- [backend] [registrationTask1] d.c.b.a.c.r.ApplicationRegistrator       : Application registered itself as a973ff14be49
2026-07-12T14:02:31.285-05:00  INFO 6684 --- [backend] [http-nio-8080-exec-1] o.a.c.c.C.[Tomcat].[localhost].[/]       : Initializing Spring DispatcherServlet 'dispatcherServlet'
2026-07-12T14:02:31.285-05:00  INFO 6684 --- [backend] [http-nio-8080-exec-1] o.s.web.servlet.DispatcherServlet        : Initializing Servlet 'dispatcherServlet'
2026-07-12T14:02:31.287-05:00  INFO 6684 --- [backend] [http-nio-8080-exec-1] o.s.web.servlet.DispatcherServlet        : Completed initialization in 2 ms
2026-07-12T14:03:01.768-05:00  INFO 6684 --- [backend] [http-nio-8080-exec-6] c.v.backend.controller.AuthController    : Login intento: correo=ventas@ventas.com
2026-07-12T14:03:01.908-05:00  INFO 6684 --- [backend] [http-nio-8080-exec-6] c.v.backend.controller.AuthController    : Login OK: correo=ventas@ventas.com rol=VENDEDOR
2026-07-12T14:03:02.175-05:00  INFO 6684 --- [backend] [http-nio-8080-exec-7] com.ventas.backend.security.JwtFilter    : JWT validado OK: usuario=ventas@ventas.com rol=VENDEDOR recurso=/api/pedidos
2026-07-12T14:03:02.175-05:00  INFO 6684 --- [backend] [http-nio-8080-exec-8] com.ventas.backend.security.JwtFilter    : JWT validado OK: usuario=ventas@ventas.com rol=VENDEDOR recurso=/api/productos
2026-07-12T14:03:05.011-05:00  INFO 6684 --- [backend] [http-nio-8080-exec-1] com.ventas.backend.security.JwtFilter    : JWT validado OK: usuario=ventas@ventas.com rol=VENDEDOR recurso=/api/pedidos
2026-07-12T14:03:10.229-05:00  INFO 6684 --- [backend] [http-nio-8080-exec-5] com.ventas.backend.security.JwtFilter    : JWT validado OK: usuario=ventas@ventas.com rol=VENDEDOR recurso=/api/clientes
2026-07-12T14:03:13.323-05:00  INFO 6684 --- [backend] [http-nio-8080-exec-6] com.ventas.backend.security.JwtFilter    : JWT validado OK: usuario=ventas@ventas.com rol=VENDEDOR recurso=/api/productos
2026-07-12T14:03:13.364-05:00  INFO 6684 --- [backend] [http-nio-8080-exec-10] com.ventas.backend.security.JwtFilter    : JWT validado OK: usuario=ventas@ventas.com rol=VENDEDOR recurso=/api/categorias
2026-07-12T14:03:14.946-05:00  INFO 6684 --- [backend] [http-nio-8080-exec-8] com.ventas.backend.security.JwtFilter    : JWT validado OK: usuario=ventas@ventas.com rol=VENDEDOR recurso=/api/pedidos
2026-07-12T14:03:14.946-05:00  INFO 6684 --- [backend] [http-nio-8080-exec-9] com.ventas.backend.security.JwtFilter    : JWT validado OK: usuario=ventas@ventas.com rol=VENDEDOR recurso=/api/productos
2026-07-12T14:03:22.326-05:00  INFO 6684 --- [backend] [http-nio-8080-exec-3] com.ventas.backend.security.JwtFilter    : JWT validado OK: usuario=ventas@ventas.com rol=VENDEDOR recurso=/api/clientes
2026-07-12T14:03:22.355-05:00  INFO 6684 --- [backend] [http-nio-8080-exec-2] com.ventas.backend.security.JwtFilter    : JWT validado OK: usuario=ventas@ventas.com rol=VENDEDOR recurso=/api/productos
2026-07-12T14:03:23.583-05:00  INFO 6684 --- [backend] [http-nio-8080-exec-10] com.ventas.backend.security.JwtFilter    : JWT validado OK: usuario=ventas@ventas.com rol=VENDEDOR recurso=/api/clientes/1/direcciones
2026-07-12T14:03:30.727-05:00  INFO 6684 --- [backend] [MessageBroker-3] o.s.w.s.c.WebSocketMessageBrokerStats    : WebSocketSession[0 current WS(0)-HttpStream(0)-HttpPoll(0), 2 total, 0 closed abnormally (0 connect failure, 0 send limit, 0 transport error)], stompSubProtocol[processed CONNECT(2)-CONNECTED(2)-DISCONNECT(0)], stompBrokerRelay[null], inboundChannel[pool size = 18, active threads = 0, queued tasks = 0, completed tasks = 18], outboundChannel[pool size = 4, active threads = 0, queued tasks = 0, completed tasks = 4], sockJsScheduler[pool size = 12, active threads = 1, queued tasks = 1, completed tasks = 6]
2026-07-12T14:03:35.704-05:00  INFO 6684 --- [backend] [http-nio-8080-exec-6] com.ventas.backend.security.JwtFilter    : JWT validado OK: usuario=ventas@ventas.com rol=VENDEDOR recurso=/api/pedidos
2026-07-12T14:03:35.951-05:00  INFO 6684 --- [backend] [http-nio-8080-exec-2] com.ventas.backend.security.JwtFilter    : JWT validado OK: usuario=ventas@ventas.com rol=VENDEDOR recurso=/api/pedidos
2026-07-12T14:03:38.319-05:00  INFO 6684 --- [backend] [http-nio-8080-exec-10] com.ventas.backend.security.JwtFilter    : JWT validado OK: usuario=ventas@ventas.com rol=VENDEDOR recurso=/api/productos
2026-07-12T14:03:38.320-05:00  INFO 6684 --- [backend] [http-nio-8080-exec-3] com.ventas.backend.security.JwtFilter    : JWT validado OK: usuario=ventas@ventas.com rol=VENDEDOR recurso=/api/pedidos
2026-07-12T14:03:45.846-05:00  INFO 6684 --- [backend] [http-nio-8080-exec-5] com.ventas.backend.security.JwtFilter    : JWT validado OK: usuario=ventas@ventas.com rol=VENDEDOR recurso=/api/pedidos
2026-07-12T14:03:55.277-05:00  INFO 6684 --- [backend] [http-nio-8080-exec-2] com.ventas.backend.security.JwtFilter    : JWT validado OK: usuario=ventas@ventas.com rol=VENDEDOR recurso=/api/productos
2026-07-12T14:03:55.277-05:00  INFO 6684 --- [backend] [http-nio-8080-exec-6] com.ventas.backend.security.JwtFilter    : JWT validado OK: usuario=ventas@ventas.com rol=VENDEDOR recurso=/api/pedidos
2026-07-12T14:04:04.751-05:00  INFO 6684 --- [backend] [http-nio-8080-exec-9] com.ventas.backend.security.JwtFilter    : JWT validado OK: usuario=ventas@ventas.com rol=VENDEDOR recurso=/api/pedidos
2026-07-12T14:05:16.105-05:00  INFO 6684 --- [backend] [http-nio-8080-exec-10] com.ventas.backend.security.JwtFilter    : JWT validado OK: usuario=ventas@ventas.com rol=VENDEDOR recurso=/api/productos
2026-07-12T14:05:16.106-05:00  INFO 6684 --- [backend] [http-nio-8080-exec-4] com.ventas.backend.security.JwtFilter    : JWT validado OK: usuario=ventas@ventas.com rol=VENDEDOR recurso=/api/pedidos
2026-07-12T14:08:07.990-05:00  INFO 6684 --- [backend] [File Watcher] rtingClassPathChangeChangedEventListener : Restarting due to 1 class path change (0 additions, 0 deletions, 1 modification)
2026-07-12T14:08:08.001-05:00  INFO 6684 --- [backend] [Thread-5] o.s.m.s.b.SimpleBrokerMessageHandler     : Stopping...
2026-07-12T14:08:08.002-05:00  INFO 6684 --- [backend] [Thread-5] o.s.m.s.b.SimpleBrokerMessageHandler     : BrokerAvailabilityEvent[available=false, SimpleBrokerMessageHandler [org.springframework.messaging.simp.broker.DefaultSubscriptionRegistry@4bc1ed62]]
2026-07-12T14:08:08.003-05:00  INFO 6684 --- [backend] [Thread-5] o.s.m.s.b.SimpleBrokerMessageHandler     : Stopped.
2026-07-12T14:08:08.024-05:00  INFO 6684 --- [backend] [Thread-5] j.LocalContainerEntityManagerFactoryBean : Closing JPA EntityManagerFactory for persistence unit 'default'
2026-07-12T14:08:08.029-05:00  INFO 6684 --- [backend] [Thread-5] com.zaxxer.hikari.HikariDataSource       : HikariPool-1 - Shutdown initiated...
2026-07-12T14:08:08.038-05:00  INFO 6684 --- [backend] [Thread-5] com.zaxxer.hikari.HikariDataSource       : HikariPool-1 - Shutdown completed.
2026-07-12T14:08:08.127-05:00  INFO 6684 --- [backend] [restartedMain] com.ventas.backend.BackendApplication    : Starting BackendApplication using Java 17.0.15 with PID 6684 (C:\Users\Brayan\Downloads\avance proyecto\backend\backend\target\classes started by Brayan in c:\Users\Brayan\Downloads\avance proyecto\backend\backend)
2026-07-12T14:08:08.128-05:00  INFO 6684 --- [backend] [restartedMain] com.ventas.backend.BackendApplication    : No active profile set, falling back to 1 default profile: "default"
2026-07-12T14:08:08.372-05:00  INFO 6684 --- [backend] [restartedMain] .s.d.r.c.RepositoryConfigurationDelegate : Bootstrapping Spring Data JPA repositories in DEFAULT mode.
2026-07-12T14:08:08.420-05:00  INFO 6684 --- [backend] [restartedMain] .s.d.r.c.RepositoryConfigurationDelegate : Finished Spring Data repository scanning in 47 ms. Found 8 JPA repository interfaces.
2026-07-12T14:08:08.620-05:00  INFO 6684 --- [backend] [restartedMain] o.s.b.w.embedded.tomcat.TomcatWebServer  : Tomcat initialized with port 8080 (http)
2026-07-12T14:08:08.621-05:00  INFO 6684 --- [backend] [restartedMain] o.apache.catalina.core.StandardService   : Starting service [Tomcat]
2026-07-12T14:08:08.622-05:00  INFO 6684 --- [backend] [restartedMain] o.apache.catalina.core.StandardEngine    : Starting Servlet engine: [Apache Tomcat/10.1.20]
2026-07-12T14:08:08.636-05:00  INFO 6684 --- [backend] [restartedMain] o.a.c.c.C.[Tomcat].[localhost].[/]       : Initializing Spring embedded WebApplicationContext
2026-07-12T14:08:08.636-05:00  INFO 6684 --- [backend] [restartedMain] w.s.c.ServletWebServerApplicationContext : Root WebApplicationContext: initialization completed in 507 ms
2026-07-12T14:08:08.778-05:00  INFO 6684 --- [backend] [restartedMain] o.hibernate.jpa.internal.util.LogHelper  : HHH000204: Processing PersistenceUnitInfo [name: default]
2026-07-12T14:08:08.782-05:00  INFO 6684 --- [backend] [restartedMain] o.h.c.internal.RegionFactoryInitiator    : HHH000026: Second-level cache disabled
2026-07-12T14:08:08.787-05:00  INFO 6684 --- [backend] [restartedMain] o.s.o.j.p.SpringPersistenceUnitInfo      : No LoadTimeWeaver setup: ignoring JPA class transformer
2026-07-12T14:08:08.789-05:00  INFO 6684 --- [backend] [restartedMain] com.zaxxer.hikari.HikariDataSource       : HikariPool-2 - Starting...
2026-07-12T14:08:08.806-05:00  INFO 6684 --- [backend] [restartedMain] com.zaxxer.hikari.pool.HikariPool        : HikariPool-2 - Added connection com.mysql.cj.jdbc.ConnectionImpl@70e5db44
2026-07-12T14:08:08.806-05:00  INFO 6684 --- [backend] [restartedMain] com.zaxxer.hikari.HikariDataSource       : HikariPool-2 - Start completed.
2026-07-12T14:08:08.808-05:00  WARN 6684 --- [backend] [restartedMain] org.hibernate.orm.deprecation            : HHH90000025: MySQL8Dialect does not need to be specified explicitly using 'hibernate.dialect' (remove the property setting and it will be selected by default)
2026-07-12T14:08:08.808-05:00  WARN 6684 --- [backend] [restartedMain] org.hibernate.orm.deprecation            : HHH90000026: MySQL8Dialect has been deprecated; use org.hibernate.dialect.MySQLDialect instead
2026-07-12T14:08:09.060-05:00  INFO 6684 --- [backend] [restartedMain] o.h.e.t.j.p.i.JtaPlatformInitiator       : HHH000489: No JTA platform available (set 'hibernate.transaction.jta.platform' to enable JTA platform integration)
2026-07-12T14:08:09.168-05:00  INFO 6684 --- [backend] [restartedMain] j.LocalContainerEntityManagerFactoryBean : Initialized JPA EntityManagerFactory for persistence unit 'default'
2026-07-12T14:08:09.534-05:00  WARN 6684 --- [backend] [restartedMain] JpaBaseConfiguration$JpaWebConfiguration : spring.jpa.open-in-view is enabled by default. Therefore, database queries may be performed during view rendering. Explicitly configure spring.jpa.open-in-view to disable this warning
2026-07-12T14:08:09.557-05:00  WARN 6684 --- [backend] [restartedMain] .s.s.UserDetailsServiceAutoConfiguration : 

Using generated security password: 86951382-f0f6-440d-9dc3-938a40ae18fb

This generated password is for development use only. Your security configuration must be updated before running your application in production.

2026-07-12T14:08:09.838-05:00  INFO 6684 --- [backend] [restartedMain] o.s.b.a.e.web.EndpointLinksResolver      : Exposing 4 endpoint(s) beneath base path '/actuator'
2026-07-12T14:08:09.886-05:00  INFO 6684 --- [backend] [restartedMain] o.s.s.web.DefaultSecurityFilterChain     : Will secure any request with [org.springframework.security.web.session.DisableEncodeUrlFilter@750c066f, org.springframework.security.web.context.request.async.WebAsyncManagerIntegrationFilter@1b4cbe93, org.springframework.security.web.context.SecurityContextHolderFilter@d2c8ba2, org.springframework.security.web.header.HeaderWriterFilter@7f738b49, org.springframework.web.filter.CorsFilter@cb8cb20, org.springframework.security.web.authentication.logout.LogoutFilter@1b4087e3, com.ventas.backend.security.JwtFilter@5e8dd010, org.springframework.security.web.savedrequest.RequestCacheAwareFilter@56d5e412, org.springframework.security.web.servletapi.SecurityContextHolderAwareRequestFilter@ac7050c, org.springframework.security.web.authentication.AnonymousAuthenticationFilter@4e6dcc7f, org.springframework.security.web.session.SessionManagementFilter@3779a81d, org.springframework.security.web.access.ExceptionTranslationFilter@4efe587f, org.springframework.security.web.access.intercept.AuthorizationFilter@2ba8b0c5]
2026-07-12T14:24:06.362-05:00  INFO 19628 --- [backend] [restartedMain] com.ventas.backend.BackendApplication    : Starting BackendApplication using Java 17.0.15 with PID 19628 (C:\Users\Brayan\Downloads\avance proyecto\backend\backend\target\classes started by Brayan in c:\Users\Brayan\Downloads\avance proyecto\backend\backend)
2026-07-12T14:24:06.365-05:00  INFO 19628 --- [backend] [restartedMain] com.ventas.backend.BackendApplication    : No active profile set, falling back to 1 default profile: "default"
2026-07-12T14:24:06.433-05:00  INFO 19628 --- [backend] [restartedMain] .e.DevToolsPropertyDefaultsPostProcessor : Devtools property defaults active! Set 'spring.devtools.add-properties' to 'false' to disable
2026-07-12T14:24:06.434-05:00  INFO 19628 --- [backend] [restartedMain] .e.DevToolsPropertyDefaultsPostProcessor : For additional web related logging consider setting the 'logging.level.web' property to 'DEBUG'
2026-07-12T14:24:07.953-05:00  INFO 19628 --- [backend] [restartedMain] .s.d.r.c.RepositoryConfigurationDelegate : Bootstrapping Spring Data JPA repositories in DEFAULT mode.
2026-07-12T14:24:08.049-05:00  INFO 19628 --- [backend] [restartedMain] .s.d.r.c.RepositoryConfigurationDelegate : Finished Spring Data repository scanning in 73 ms. Found 8 JPA repository interfaces.
2026-07-12T14:24:09.256-05:00  INFO 19628 --- [backend] [restartedMain] o.s.b.w.embedded.tomcat.TomcatWebServer  : Tomcat initialized with port 8080 (http)
2026-07-12T14:24:09.297-05:00  INFO 19628 --- [backend] [restartedMain] o.apache.catalina.core.StandardService   : Starting service [Tomcat]
2026-07-12T14:24:09.298-05:00  INFO 19628 --- [backend] [restartedMain] o.apache.catalina.core.StandardEngine    : Starting Servlet engine: [Apache Tomcat/10.1.20]
2026-07-12T14:24:09.396-05:00  INFO 19628 --- [backend] [restartedMain] o.a.c.c.C.[Tomcat].[localhost].[/]       : Initializing Spring embedded WebApplicationContext
2026-07-12T14:24:09.397-05:00  INFO 19628 --- [backend] [restartedMain] w.s.c.ServletWebServerApplicationContext : Root WebApplicationContext: initialization completed in 2962 ms
2026-07-12T14:24:10.239-05:00  INFO 19628 --- [backend] [restartedMain] o.hibernate.jpa.internal.util.LogHelper  : HHH000204: Processing PersistenceUnitInfo [name: default]
2026-07-12T14:24:10.421-05:00  INFO 19628 --- [backend] [restartedMain] org.hibernate.Version                    : HHH000412: Hibernate ORM core version 6.4.4.Final
2026-07-12T14:24:10.610-05:00  INFO 19628 --- [backend] [restartedMain] o.h.c.internal.RegionFactoryInitiator    : HHH000026: Second-level cache disabled
2026-07-12T14:24:10.967-05:00  INFO 19628 --- [backend] [restartedMain] o.s.o.j.p.SpringPersistenceUnitInfo      : No LoadTimeWeaver setup: ignoring JPA class transformer
2026-07-12T14:24:10.990-05:00  INFO 19628 --- [backend] [restartedMain] com.zaxxer.hikari.HikariDataSource       : HikariPool-1 - Starting...
2026-07-12T14:24:11.191-05:00  INFO 19628 --- [backend] [restartedMain] com.zaxxer.hikari.pool.HikariPool        : HikariPool-1 - Added connection com.mysql.cj.jdbc.ConnectionImpl@3900d808
2026-07-12T14:24:11.193-05:00  INFO 19628 --- [backend] [restartedMain] com.zaxxer.hikari.HikariDataSource       : HikariPool-1 - Start completed.
2026-07-12T14:24:11.229-05:00  WARN 19628 --- [backend] [restartedMain] org.hibernate.orm.deprecation            : HHH90000025: MySQL8Dialect does not need to be specified explicitly using 'hibernate.dialect' (remove the property setting and it will be selected by default)
2026-07-12T14:24:11.231-05:00  WARN 19628 --- [backend] [restartedMain] org.hibernate.orm.deprecation            : HHH90000026: MySQL8Dialect has been deprecated; use org.hibernate.dialect.MySQLDialect instead
2026-07-12T14:24:12.158-05:00  INFO 19628 --- [backend] [restartedMain] o.h.e.t.j.p.i.JtaPlatformInitiator       : HHH000489: No JTA platform available (set 'hibernate.transaction.jta.platform' to enable JTA platform integration)
2026-07-12T14:24:12.255-05:00  INFO 19628 --- [backend] [restartedMain] j.LocalContainerEntityManagerFactoryBean : Initialized JPA EntityManagerFactory for persistence unit 'default'
2026-07-12T14:24:13.046-05:00  INFO 19628 --- [backend] [restartedMain] o.s.d.j.r.query.QueryEnhancerFactory     : Hibernate is in classpath; If applicable, HQL parser will be used.
2026-07-12T14:24:13.528-05:00  WARN 19628 --- [backend] [restartedMain] JpaBaseConfiguration$JpaWebConfiguration : spring.jpa.open-in-view is enabled by default. Therefore, database queries may be performed during view rendering. Explicitly configure spring.jpa.open-in-view to disable this warning
2026-07-12T14:24:13.620-05:00  WARN 19628 --- [backend] [restartedMain] .s.s.UserDetailsServiceAutoConfiguration : 

Using generated security password: 1c35b616-05dd-4929-8692-1dd61cc45a74

This generated password is for development use only. Your security configuration must be updated before running your application in production.

2026-07-12T14:24:14.604-05:00  INFO 19628 --- [backend] [restartedMain] o.s.b.a.e.web.EndpointLinksResolver      : Exposing 4 endpoint(s) beneath base path '/actuator'
2026-07-12T14:24:14.667-05:00  INFO 19628 --- [backend] [restartedMain] o.s.s.web.DefaultSecurityFilterChain     : Will secure any request with [org.springframework.security.web.session.DisableEncodeUrlFilter@76c7924, org.springframework.security.web.context.request.async.WebAsyncManagerIntegrationFilter@2717c35e, org.springframework.security.web.context.SecurityContextHolderFilter@1ce1864a, org.springframework.security.web.header.HeaderWriterFilter@7ca8648c, org.springframework.web.filter.CorsFilter@13835eee, org.springframework.security.web.authentication.logout.LogoutFilter@f9045a7, com.ventas.backend.security.JwtFilter@245949f, org.springframework.security.web.savedrequest.RequestCacheAwareFilter@4db6ed6a, org.springframework.security.web.servletapi.SecurityContextHolderAwareRequestFilter@29e62a65, org.springframework.security.web.authentication.AnonymousAuthenticationFilter@5e0548bd, org.springframework.security.web.session.SessionManagementFilter@2096231f, org.springframework.security.web.access.ExceptionTranslationFilter@465b7fbb, org.springframework.security.web.access.intercept.AuthorizationFilter@7cd26ca2]
2026-07-12T14:24:15.215-05:00  INFO 19628 --- [backend] [restartedMain] o.s.b.d.a.OptionalLiveReloadServer       : LiveReload server is running on port 35729
2026-07-12T14:24:15.312-05:00  INFO 19628 --- [backend] [restartedMain] o.s.b.w.embedded.tomcat.TomcatWebServer  : Tomcat started on port 8080 (http) with context path ''
2026-07-12T14:24:15.315-05:00  INFO 19628 --- [backend] [restartedMain] o.s.m.s.b.SimpleBrokerMessageHandler     : Starting...
2026-07-12T14:24:15.315-05:00  INFO 19628 --- [backend] [restartedMain] o.s.m.s.b.SimpleBrokerMessageHandler     : BrokerAvailabilityEvent[available=true, SimpleBrokerMessageHandler [org.springframework.messaging.simp.broker.DefaultSubscriptionRegistry@79082aff]]
2026-07-12T14:24:15.316-05:00  INFO 19628 --- [backend] [restartedMain] o.s.m.s.b.SimpleBrokerMessageHandler     : Started.
2026-07-12T14:24:15.328-05:00  INFO 19628 --- [backend] [restartedMain] com.ventas.backend.BackendApplication    : Started BackendApplication in 9.454 seconds (process running for 10.223)
2026-07-12T14:24:15.954-05:00  INFO 19628 --- [backend] [registrationTask1] d.c.b.a.c.r.ApplicationRegistrator       : Application registered itself as a973ff14be49
2026-07-12T14:24:16.019-05:00  INFO 19628 --- [backend] [http-nio-8080-exec-1] o.a.c.c.C.[Tomcat].[localhost].[/]       : Initializing Spring DispatcherServlet 'dispatcherServlet'
2026-07-12T14:24:16.019-05:00  INFO 19628 --- [backend] [http-nio-8080-exec-1] o.s.web.servlet.DispatcherServlet        : Initializing Servlet 'dispatcherServlet'
2026-07-12T14:24:16.021-05:00  INFO 19628 --- [backend] [http-nio-8080-exec-1] o.s.web.servlet.DispatcherServlet        : Completed initialization in 1 ms
2026-07-12T14:24:44.966-05:00  INFO 19628 --- [backend] [http-nio-8080-exec-5] c.v.backend.controller.AuthController    : Login intento: correo=ventas@ventas.com
2026-07-12T14:24:45.102-05:00  INFO 19628 --- [backend] [http-nio-8080-exec-5] c.v.backend.controller.AuthController    : Login OK: correo=ventas@ventas.com rol=VENDEDOR
2026-07-12T14:24:45.326-05:00  INFO 19628 --- [backend] [http-nio-8080-exec-10] com.ventas.backend.security.JwtFilter    : JWT validado OK: usuario=ventas@ventas.com rol=VENDEDOR recurso=/api/pedidos
2026-07-12T14:24:45.326-05:00  INFO 19628 --- [backend] [http-nio-8080-exec-9] com.ventas.backend.security.JwtFilter    : JWT validado OK: usuario=ventas@ventas.com rol=VENDEDOR recurso=/api/productos
2026-07-12T14:25:15.263-05:00  INFO 19628 --- [backend] [MessageBroker-6] o.s.w.s.c.WebSocketMessageBrokerStats    : WebSocketSession[1 current WS(1)-HttpStream(0)-HttpPoll(0), 1 total, 0 closed abnormally (0 connect failure, 0 send limit, 0 transport error)], stompSubProtocol[processed CONNECT(1)-CONNECTED(1)-DISCONNECT(0)], stompBrokerRelay[null], inboundChannel[pool size = 6, active threads = 0, queued tasks = 0, completed tasks = 6], outboundChannel[pool size = 1, active threads = 0, queued tasks = 0, completed tasks = 1], sockJsScheduler[pool size = 11, active threads = 1, queued tasks = 2, completed tasks = 7]
2026-07-12T14:26:06.512-05:00  INFO 19628 --- [backend] [http-nio-8080-exec-3] c.v.backend.controller.AuthController    : Login intento: correo=despacho@ventas.com
2026-07-12T14:26:06.675-05:00  INFO 19628 --- [backend] [http-nio-8080-exec-3] c.v.backend.controller.AuthController    : Login OK: correo=despacho@ventas.com rol=DESPACHADOR
2026-07-12T14:26:06.777-05:00  INFO 19628 --- [backend] [http-nio-8080-exec-5] com.ventas.backend.security.JwtFilter    : JWT validado OK: usuario=despacho@ventas.com rol=DESPACHADOR recurso=/api/despachos
2026-07-12T14:26:11.459-05:00  INFO 19628 --- [backend] [http-nio-8080-exec-7] c.v.backend.controller.AuthController    : Login intento: correo=ventas@ventas.com
2026-07-12T14:26:11.598-05:00  INFO 19628 --- [backend] [http-nio-8080-exec-7] c.v.backend.controller.AuthController    : Login OK: correo=ventas@ventas.com rol=VENDEDOR
2026-07-12T14:26:11.665-05:00  INFO 19628 --- [backend] [http-nio-8080-exec-8] com.ventas.backend.security.JwtFilter    : JWT validado OK: usuario=ventas@ventas.com rol=VENDEDOR recurso=/api/productos
2026-07-12T14:26:11.665-05:00  INFO 19628 --- [backend] [http-nio-8080-exec-9] com.ventas.backend.security.JwtFilter    : JWT validado OK: usuario=ventas@ventas.com rol=VENDEDOR recurso=/api/pedidos
2026-07-12T14:26:24.585-05:00  INFO 19628 --- [backend] [http-nio-8080-exec-4] com.ventas.backend.security.JwtFilter    : JWT validado OK: usuario=despacho@ventas.com rol=DESPACHADOR recurso=/api/despachos/13
2026-07-12T14:26:31.536-05:00  INFO 19628 --- [backend] [http-nio-8080-exec-7] com.ventas.backend.security.JwtFilter    : JWT validado OK: usuario=despacho@ventas.com rol=DESPACHADOR recurso=/api/despachos/13/estado
2026-07-12T14:26:31.597-05:00  INFO 19628 --- [backend] [http-nio-8080-exec-7] c.v.b.controller.DespachoController      : WS -> /topic/despachos enviado, despachoId=13
2026-07-12T14:26:31.609-05:00  INFO 19628 --- [backend] [http-nio-8080-exec-1] com.ventas.backend.security.JwtFilter    : JWT validado OK: usuario=ventas@ventas.com rol=VENDEDOR recurso=/api/productos
2026-07-12T14:26:31.611-05:00  INFO 19628 --- [backend] [http-nio-8080-exec-6] com.ventas.backend.security.JwtFilter    : JWT validado OK: usuario=ventas@ventas.com rol=VENDEDOR recurso=/api/pedidos
2026-07-12T14:26:31.619-05:00  INFO 19628 --- [backend] [http-nio-8080-exec-10] com.ventas.backend.security.JwtFilter    : JWT validado OK: usuario=despacho@ventas.com rol=DESPACHADOR recurso=/api/despachos/13
2026-07-12T14:26:40.662-05:00  INFO 19628 --- [backend] [http-nio-8080-exec-2] com.ventas.backend.security.JwtFilter    : JWT validado OK: usuario=despacho@ventas.com rol=DESPACHADOR recurso=/api/despachos/13/estado
2026-07-12T14:26:40.687-05:00  INFO 19628 --- [backend] [http-nio-8080-exec-2] c.v.b.controller.DespachoController      : WS -> /topic/despachos enviado, despachoId=13
2026-07-12T14:26:40.699-05:00  INFO 19628 --- [backend] [http-nio-8080-exec-3] com.ventas.backend.security.JwtFilter    : JWT validado OK: usuario=ventas@ventas.com rol=VENDEDOR recurso=/api/pedidos
2026-07-12T14:26:40.700-05:00  INFO 19628 --- [backend] [http-nio-8080-exec-9] com.ventas.backend.security.JwtFilter    : JWT validado OK: usuario=ventas@ventas.com rol=VENDEDOR recurso=/api/productos
2026-07-12T14:26:40.709-05:00  INFO 19628 --- [backend] [http-nio-8080-exec-4] com.ventas.backend.security.JwtFilter    : JWT validado OK: usuario=despacho@ventas.com rol=DESPACHADOR recurso=/api/despachos/13
2026-07-12T14:28:15.598-05:00  WARN 19628 --- [backend] [registrationTask1] d.c.b.a.c.r.ApplicationRegistrator       : Failed to register application as Application(name=backend, managementUrl=http://localhost:8080/actuator, healthUrl=http://localhost:8080/actuator/health, serviceUrl=http://localhost:8080/) at spring-boot-admin ([http://localhost:8090/instances]): I/O error on POST request for "http://localhost:8090/instances": Connection refused: getsockopt. Further attempts are logged on DEBUG level
2026-07-12T14:51:11.550-05:00  INFO 15524 --- [backend] [restartedMain] com.ventas.backend.BackendApplication    : Starting BackendApplication using Java 17.0.15 with PID 15524 (C:\Users\Brayan\Downloads\avance proyecto\backend\backend\target\classes started by Brayan in c:\Users\Brayan\Downloads\avance proyecto\backend\backend)
2026-07-12T14:51:11.554-05:00  INFO 15524 --- [backend] [restartedMain] com.ventas.backend.BackendApplication    : No active profile set, falling back to 1 default profile: "default"
2026-07-12T14:51:11.619-05:00  INFO 15524 --- [backend] [restartedMain] .e.DevToolsPropertyDefaultsPostProcessor : Devtools property defaults active! Set 'spring.devtools.add-properties' to 'false' to disable
2026-07-12T14:51:11.619-05:00  INFO 15524 --- [backend] [restartedMain] .e.DevToolsPropertyDefaultsPostProcessor : For additional web related logging consider setting the 'logging.level.web' property to 'DEBUG'
2026-07-12T14:51:13.547-05:00  INFO 15524 --- [backend] [restartedMain] .s.d.r.c.RepositoryConfigurationDelegate : Bootstrapping Spring Data JPA repositories in DEFAULT mode.
2026-07-12T14:51:13.636-05:00  INFO 15524 --- [backend] [restartedMain] .s.d.r.c.RepositoryConfigurationDelegate : Finished Spring Data repository scanning in 70 ms. Found 8 JPA repository interfaces.
2026-07-12T14:51:14.949-05:00  INFO 15524 --- [backend] [restartedMain] o.s.b.w.embedded.tomcat.TomcatWebServer  : Tomcat initialized with port 8080 (http)
2026-07-12T14:51:14.984-05:00  INFO 15524 --- [backend] [restartedMain] o.apache.catalina.core.StandardService   : Starting service [Tomcat]
2026-07-12T14:51:14.987-05:00  INFO 15524 --- [backend] [restartedMain] o.apache.catalina.core.StandardEngine    : Starting Servlet engine: [Apache Tomcat/10.1.20]
2026-07-12T14:51:15.093-05:00  INFO 15524 --- [backend] [restartedMain] o.a.c.c.C.[Tomcat].[localhost].[/]       : Initializing Spring embedded WebApplicationContext
2026-07-12T14:51:15.094-05:00  INFO 15524 --- [backend] [restartedMain] w.s.c.ServletWebServerApplicationContext : Root WebApplicationContext: initialization completed in 3474 ms
2026-07-12T14:51:15.835-05:00  INFO 15524 --- [backend] [restartedMain] o.hibernate.jpa.internal.util.LogHelper  : HHH000204: Processing PersistenceUnitInfo [name: default]
2026-07-12T14:51:16.006-05:00  INFO 15524 --- [backend] [restartedMain] org.hibernate.Version                    : HHH000412: Hibernate ORM core version 6.4.4.Final
2026-07-12T14:51:16.147-05:00  INFO 15524 --- [backend] [restartedMain] o.h.c.internal.RegionFactoryInitiator    : HHH000026: Second-level cache disabled
2026-07-12T14:51:16.484-05:00  INFO 15524 --- [backend] [restartedMain] o.s.o.j.p.SpringPersistenceUnitInfo      : No LoadTimeWeaver setup: ignoring JPA class transformer
2026-07-12T14:51:16.526-05:00  INFO 15524 --- [backend] [restartedMain] com.zaxxer.hikari.HikariDataSource       : HikariPool-1 - Starting...
2026-07-12T14:51:16.705-05:00  INFO 15524 --- [backend] [restartedMain] com.zaxxer.hikari.pool.HikariPool        : HikariPool-1 - Added connection com.mysql.cj.jdbc.ConnectionImpl@5ece488b
2026-07-12T14:51:16.708-05:00  INFO 15524 --- [backend] [restartedMain] com.zaxxer.hikari.HikariDataSource       : HikariPool-1 - Start completed.
2026-07-12T14:51:16.745-05:00  WARN 15524 --- [backend] [restartedMain] org.hibernate.orm.deprecation            : HHH90000025: MySQL8Dialect does not need to be specified explicitly using 'hibernate.dialect' (remove the property setting and it will be selected by default)
2026-07-12T14:51:16.746-05:00  WARN 15524 --- [backend] [restartedMain] org.hibernate.orm.deprecation            : HHH90000026: MySQL8Dialect has been deprecated; use org.hibernate.dialect.MySQLDialect instead
2026-07-12T14:51:17.690-05:00  INFO 15524 --- [backend] [restartedMain] o.h.e.t.j.p.i.JtaPlatformInitiator       : HHH000489: No JTA platform available (set 'hibernate.transaction.jta.platform' to enable JTA platform integration)
2026-07-12T14:51:17.782-05:00  INFO 15524 --- [backend] [restartedMain] j.LocalContainerEntityManagerFactoryBean : Initialized JPA EntityManagerFactory for persistence unit 'default'
2026-07-12T14:51:18.565-05:00  INFO 15524 --- [backend] [restartedMain] o.s.d.j.r.query.QueryEnhancerFactory     : Hibernate is in classpath; If applicable, HQL parser will be used.
2026-07-12T14:51:19.096-05:00  WARN 15524 --- [backend] [restartedMain] JpaBaseConfiguration$JpaWebConfiguration : spring.jpa.open-in-view is enabled by default. Therefore, database queries may be performed during view rendering. Explicitly configure spring.jpa.open-in-view to disable this warning
2026-07-12T14:51:19.184-05:00  WARN 15524 --- [backend] [restartedMain] .s.s.UserDetailsServiceAutoConfiguration : 

Using generated security password: dd7419a7-2a04-4256-92bf-8ed8d877cf66

This generated password is for development use only. Your security configuration must be updated before running your application in production.

2026-07-12T14:51:20.448-05:00  INFO 15524 --- [backend] [restartedMain] o.s.b.a.e.web.EndpointLinksResolver      : Exposing 4 endpoint(s) beneath base path '/actuator'
2026-07-12T14:51:20.613-05:00  INFO 15524 --- [backend] [restartedMain] o.s.s.web.DefaultSecurityFilterChain     : Will secure any request with [org.springframework.security.web.session.DisableEncodeUrlFilter@3051a13d, org.springframework.security.web.context.request.async.WebAsyncManagerIntegrationFilter@4471945f, org.springframework.security.web.context.SecurityContextHolderFilter@65ae4497, org.springframework.security.web.header.HeaderWriterFilter@1bb0eeb6, org.springframework.web.filter.CorsFilter@1ae71014, org.springframework.security.web.authentication.logout.LogoutFilter@54577b2f, com.ventas.backend.security.JwtFilter@67165aaf, org.springframework.security.web.savedrequest.RequestCacheAwareFilter@796d68cc, org.springframework.security.web.servletapi.SecurityContextHolderAwareRequestFilter@25a87b2, org.springframework.security.web.authentication.AnonymousAuthenticationFilter@281e3792, org.springframework.security.web.session.SessionManagementFilter@6c2b0314, org.springframework.security.web.access.ExceptionTranslationFilter@16283d8b, org.springframework.security.web.access.intercept.AuthorizationFilter@56dcd967]
2026-07-12T14:51:21.390-05:00  INFO 15524 --- [backend] [restartedMain] o.s.b.d.a.OptionalLiveReloadServer       : LiveReload server is running on port 35729
2026-07-12T14:51:21.481-05:00  INFO 15524 --- [backend] [restartedMain] o.s.b.w.embedded.tomcat.TomcatWebServer  : Tomcat started on port 8080 (http) with context path ''
2026-07-12T14:51:21.483-05:00  INFO 15524 --- [backend] [restartedMain] o.s.m.s.b.SimpleBrokerMessageHandler     : Starting...
2026-07-12T14:51:21.484-05:00  INFO 15524 --- [backend] [restartedMain] o.s.m.s.b.SimpleBrokerMessageHandler     : BrokerAvailabilityEvent[available=true, SimpleBrokerMessageHandler [org.springframework.messaging.simp.broker.DefaultSubscriptionRegistry@224e1779]]
2026-07-12T14:51:21.484-05:00  INFO 15524 --- [backend] [restartedMain] o.s.m.s.b.SimpleBrokerMessageHandler     : Started.
2026-07-12T14:51:21.497-05:00  INFO 15524 --- [backend] [restartedMain] com.ventas.backend.BackendApplication    : Started BackendApplication in 10.458 seconds (process running for 11.038)
2026-07-12T14:51:22.316-05:00  WARN 15524 --- [backend] [registrationTask1] d.c.b.a.c.r.ApplicationRegistrator       : Failed to register application as Application(name=backend, managementUrl=http://localhost:8080/actuator, healthUrl=http://localhost:8080/actuator/health, serviceUrl=http://localhost:8080/) at spring-boot-admin ([http://localhost:8090/instances]): 501 Not Implemented: [no body]. Further attempts are logged on DEBUG level
2026-07-12T14:51:23.376-05:00  INFO 15524 --- [backend] [RMI TCP Connection(2)-127.0.0.1] o.a.c.c.C.[Tomcat].[localhost].[/]       : Initializing Spring DispatcherServlet 'dispatcherServlet'
2026-07-12T14:51:23.377-05:00  INFO 15524 --- [backend] [RMI TCP Connection(2)-127.0.0.1] o.s.web.servlet.DispatcherServlet        : Initializing Servlet 'dispatcherServlet'
2026-07-12T14:51:23.379-05:00  INFO 15524 --- [backend] [RMI TCP Connection(2)-127.0.0.1] o.s.web.servlet.DispatcherServlet        : Completed initialization in 2 ms
2026-07-12T14:56:07.545-05:00  INFO 21972 --- [backend] [restartedMain] com.ventas.backend.BackendApplication    : Starting BackendApplication using Java 17.0.15 with PID 21972 (C:\Users\Brayan\Downloads\avance proyecto\backend\backend\target\classes started by Brayan in c:\Users\Brayan\Downloads\avance proyecto\backend\backend)
2026-07-12T14:56:07.550-05:00  INFO 21972 --- [backend] [restartedMain] com.ventas.backend.BackendApplication    : No active profile set, falling back to 1 default profile: "default"
2026-07-12T14:56:07.601-05:00  INFO 21972 --- [backend] [restartedMain] .e.DevToolsPropertyDefaultsPostProcessor : Devtools property defaults active! Set 'spring.devtools.add-properties' to 'false' to disable
2026-07-12T14:56:07.602-05:00  INFO 21972 --- [backend] [restartedMain] .e.DevToolsPropertyDefaultsPostProcessor : For additional web related logging consider setting the 'logging.level.web' property to 'DEBUG'
2026-07-12T14:56:09.078-05:00  INFO 21972 --- [backend] [restartedMain] .s.d.r.c.RepositoryConfigurationDelegate : Bootstrapping Spring Data JPA repositories in DEFAULT mode.
2026-07-12T14:56:09.151-05:00  INFO 21972 --- [backend] [restartedMain] .s.d.r.c.RepositoryConfigurationDelegate : Finished Spring Data repository scanning in 64 ms. Found 8 JPA repository interfaces.
2026-07-12T14:56:10.078-05:00  INFO 21972 --- [backend] [restartedMain] o.s.b.w.embedded.tomcat.TomcatWebServer  : Tomcat initialized with port 8080 (http)
2026-07-12T14:56:10.111-05:00  INFO 21972 --- [backend] [restartedMain] o.apache.catalina.core.StandardService   : Starting service [Tomcat]
2026-07-12T14:56:10.113-05:00  INFO 21972 --- [backend] [restartedMain] o.apache.catalina.core.StandardEngine    : Starting Servlet engine: [Apache Tomcat/10.1.20]
2026-07-12T14:56:10.211-05:00  INFO 21972 --- [backend] [restartedMain] o.a.c.c.C.[Tomcat].[localhost].[/]       : Initializing Spring embedded WebApplicationContext
2026-07-12T14:56:10.212-05:00  INFO 21972 --- [backend] [restartedMain] w.s.c.ServletWebServerApplicationContext : Root WebApplicationContext: initialization completed in 2610 ms
2026-07-12T14:56:10.912-05:00  INFO 21972 --- [backend] [restartedMain] o.hibernate.jpa.internal.util.LogHelper  : HHH000204: Processing PersistenceUnitInfo [name: default]
2026-07-12T14:56:11.141-05:00  INFO 21972 --- [backend] [restartedMain] org.hibernate.Version                    : HHH000412: Hibernate ORM core version 6.4.4.Final
2026-07-12T14:56:11.262-05:00  INFO 21972 --- [backend] [restartedMain] o.h.c.internal.RegionFactoryInitiator    : HHH000026: Second-level cache disabled
2026-07-12T14:56:11.504-05:00  INFO 21972 --- [backend] [restartedMain] o.s.o.j.p.SpringPersistenceUnitInfo      : No LoadTimeWeaver setup: ignoring JPA class transformer
2026-07-12T14:56:11.526-05:00  INFO 21972 --- [backend] [restartedMain] com.zaxxer.hikari.HikariDataSource       : HikariPool-1 - Starting...
2026-07-12T14:56:11.671-05:00  INFO 21972 --- [backend] [restartedMain] com.zaxxer.hikari.pool.HikariPool        : HikariPool-1 - Added connection com.mysql.cj.jdbc.ConnectionImpl@77b51404
2026-07-12T14:56:11.673-05:00  INFO 21972 --- [backend] [restartedMain] com.zaxxer.hikari.HikariDataSource       : HikariPool-1 - Start completed.
2026-07-12T14:56:11.705-05:00  WARN 21972 --- [backend] [restartedMain] org.hibernate.orm.deprecation            : HHH90000025: MySQL8Dialect does not need to be specified explicitly using 'hibernate.dialect' (remove the property setting and it will be selected by default)
2026-07-12T14:56:11.706-05:00  WARN 21972 --- [backend] [restartedMain] org.hibernate.orm.deprecation            : HHH90000026: MySQL8Dialect has been deprecated; use org.hibernate.dialect.MySQLDialect instead
2026-07-12T14:56:12.553-05:00  INFO 21972 --- [backend] [restartedMain] o.h.e.t.j.p.i.JtaPlatformInitiator       : HHH000489: No JTA platform available (set 'hibernate.transaction.jta.platform' to enable JTA platform integration)
2026-07-12T14:56:12.644-05:00  INFO 21972 --- [backend] [restartedMain] j.LocalContainerEntityManagerFactoryBean : Initialized JPA EntityManagerFactory for persistence unit 'default'
2026-07-12T14:56:13.332-05:00  INFO 21972 --- [backend] [restartedMain] o.s.d.j.r.query.QueryEnhancerFactory     : Hibernate is in classpath; If applicable, HQL parser will be used.
2026-07-12T14:56:13.830-05:00  WARN 21972 --- [backend] [restartedMain] JpaBaseConfiguration$JpaWebConfiguration : spring.jpa.open-in-view is enabled by default. Therefore, database queries may be performed during view rendering. Explicitly configure spring.jpa.open-in-view to disable this warning
2026-07-12T14:56:13.899-05:00  WARN 21972 --- [backend] [restartedMain] .s.s.UserDetailsServiceAutoConfiguration : 

Using generated security password: 837bc969-a1d6-4226-8edc-d80feeeb72df

This generated password is for development use only. Your security configuration must be updated before running your application in production.

2026-07-12T14:56:14.771-05:00  INFO 21972 --- [backend] [restartedMain] o.s.b.a.e.web.EndpointLinksResolver      : Exposing 4 endpoint(s) beneath base path '/actuator'
2026-07-12T14:56:14.846-05:00  INFO 21972 --- [backend] [restartedMain] o.s.s.web.DefaultSecurityFilterChain     : Will secure any request with [org.springframework.security.web.session.DisableEncodeUrlFilter@533b3fe2, org.springframework.security.web.context.request.async.WebAsyncManagerIntegrationFilter@4ac22b4d, org.springframework.security.web.context.SecurityContextHolderFilter@35ee7783, org.springframework.security.web.header.HeaderWriterFilter@46a5332, org.springframework.web.filter.CorsFilter@6bf03f4d, org.springframework.security.web.authentication.logout.LogoutFilter@18033d09, com.ventas.backend.security.JwtFilter@55625476, org.springframework.security.web.savedrequest.RequestCacheAwareFilter@4c3e56c, org.springframework.security.web.servletapi.SecurityContextHolderAwareRequestFilter@622c1051, org.springframework.security.web.authentication.AnonymousAuthenticationFilter@30fdb5a, org.springframework.security.web.session.SessionManagementFilter@75666af5, org.springframework.security.web.access.ExceptionTranslationFilter@1f3b3193, org.springframework.security.web.access.intercept.AuthorizationFilter@5d2b86df]
2026-07-12T14:56:15.380-05:00  INFO 21972 --- [backend] [restartedMain] o.s.b.d.a.OptionalLiveReloadServer       : LiveReload server is running on port 35729
2026-07-12T14:56:15.447-05:00  INFO 21972 --- [backend] [restartedMain] o.s.b.w.embedded.tomcat.TomcatWebServer  : Tomcat started on port 8080 (http) with context path ''
2026-07-12T14:56:15.449-05:00  INFO 21972 --- [backend] [restartedMain] o.s.m.s.b.SimpleBrokerMessageHandler     : Starting...
2026-07-12T14:56:15.450-05:00  INFO 21972 --- [backend] [restartedMain] o.s.m.s.b.SimpleBrokerMessageHandler     : BrokerAvailabilityEvent[available=true, SimpleBrokerMessageHandler [org.springframework.messaging.simp.broker.DefaultSubscriptionRegistry@2b619853]]
2026-07-12T14:56:15.451-05:00  INFO 21972 --- [backend] [restartedMain] o.s.m.s.b.SimpleBrokerMessageHandler     : Started.
2026-07-12T14:56:15.464-05:00  INFO 21972 --- [backend] [restartedMain] com.ventas.backend.BackendApplication    : Started BackendApplication in 8.295 seconds (process running for 8.847)
2026-07-12T14:56:16.188-05:00  WARN 21972 --- [backend] [registrationTask1] d.c.b.a.c.r.ApplicationRegistrator       : Failed to register application as Application(name=backend, managementUrl=http://localhost:8080/actuator, healthUrl=http://localhost:8080/actuator/health, serviceUrl=http://localhost:8080/) at spring-boot-admin ([http://localhost:8090/instances]): 501 Not Implemented: [no body]. Further attempts are logged on DEBUG level
2026-07-12T14:56:16.379-05:00  INFO 21972 --- [backend] [RMI TCP Connection(2)-127.0.0.1] o.a.c.c.C.[Tomcat].[localhost].[/]       : Initializing Spring DispatcherServlet 'dispatcherServlet'
2026-07-12T14:56:16.379-05:00  INFO 21972 --- [backend] [RMI TCP Connection(2)-127.0.0.1] o.s.web.servlet.DispatcherServlet        : Initializing Servlet 'dispatcherServlet'
2026-07-12T14:56:16.381-05:00  INFO 21972 --- [backend] [RMI TCP Connection(2)-127.0.0.1] o.s.web.servlet.DispatcherServlet        : Completed initialization in 1 ms
2026-07-12T14:57:08.823-05:00  INFO 21972 --- [backend] [http-nio-8080-exec-1] c.v.backend.controller.AuthController    : Login intento: correo=ventas@ventas.com
2026-07-12T14:57:08.985-05:00  INFO 21972 --- [backend] [http-nio-8080-exec-1] c.v.backend.controller.AuthController    : Login OK: correo=ventas@ventas.com rol=VENDEDOR
2026-07-12T14:57:09.265-05:00  INFO 21972 --- [backend] [http-nio-8080-exec-7] com.ventas.backend.security.JwtFilter    : JWT validado OK: usuario=ventas@ventas.com rol=VENDEDOR recurso=/api/pedidos
2026-07-12T14:57:09.265-05:00  INFO 21972 --- [backend] [http-nio-8080-exec-6] com.ventas.backend.security.JwtFilter    : JWT validado OK: usuario=ventas@ventas.com rol=VENDEDOR recurso=/api/productos
2026-07-12T14:57:15.420-05:00  INFO 21972 --- [backend] [MessageBroker-3] o.s.w.s.c.WebSocketMessageBrokerStats    : WebSocketSession[1 current WS(1)-HttpStream(0)-HttpPoll(0), 1 total, 0 closed abnormally (0 connect failure, 0 send limit, 0 transport error)], stompSubProtocol[processed CONNECT(1)-CONNECTED(1)-DISCONNECT(0)], stompBrokerRelay[null], inboundChannel[pool size = 6, active threads = 0, queued tasks = 0, completed tasks = 6], outboundChannel[pool size = 1, active threads = 0, queued tasks = 0, completed tasks = 1], sockJsScheduler[pool size = 6, active threads = 1, queued tasks = 2, completed tasks = 2]
2026-07-12T14:58:38.620-05:00  INFO 21972 --- [backend] [File Watcher] rtingClassPathChangeChangedEventListener : Restarting due to 1 class path change (0 additions, 0 deletions, 1 modification)
2026-07-12T14:58:38.639-05:00  INFO 21972 --- [backend] [Thread-5] o.s.m.s.b.SimpleBrokerMessageHandler     : Stopping...
2026-07-12T14:58:38.639-05:00  INFO 21972 --- [backend] [Thread-5] o.s.m.s.b.SimpleBrokerMessageHandler     : BrokerAvailabilityEvent[available=false, SimpleBrokerMessageHandler [org.springframework.messaging.simp.broker.DefaultSubscriptionRegistry@2b619853]]
2026-07-12T14:58:38.640-05:00  INFO 21972 --- [backend] [Thread-5] o.s.m.s.b.SimpleBrokerMessageHandler     : Stopped.
2026-07-12T14:58:38.686-05:00  INFO 21972 --- [backend] [Thread-5] j.LocalContainerEntityManagerFactoryBean : Closing JPA EntityManagerFactory for persistence unit 'default'
2026-07-12T14:58:38.700-05:00  INFO 21972 --- [backend] [Thread-5] com.zaxxer.hikari.HikariDataSource       : HikariPool-1 - Shutdown initiated...
2026-07-12T14:58:38.714-05:00  INFO 21972 --- [backend] [Thread-5] com.zaxxer.hikari.HikariDataSource       : HikariPool-1 - Shutdown completed.
2026-07-12T14:58:38.839-05:00  INFO 21972 --- [backend] [restartedMain] com.ventas.backend.BackendApplication    : Starting BackendApplication using Java 17.0.15 with PID 21972 (C:\Users\Brayan\Downloads\avance proyecto\backend\backend\target\classes started by Brayan in c:\Users\Brayan\Downloads\avance proyecto\backend\backend)
2026-07-12T14:58:38.840-05:00  INFO 21972 --- [backend] [restartedMain] com.ventas.backend.BackendApplication    : No active profile set, falling back to 1 default profile: "default"
2026-07-12T14:58:39.185-05:00  INFO 21972 --- [backend] [restartedMain] .s.d.r.c.RepositoryConfigurationDelegate : Bootstrapping Spring Data JPA repositories in DEFAULT mode.
2026-07-12T14:58:39.222-05:00  INFO 21972 --- [backend] [restartedMain] .s.d.r.c.RepositoryConfigurationDelegate : Finished Spring Data repository scanning in 34 ms. Found 8 JPA repository interfaces.
2026-07-12T14:58:39.476-05:00  INFO 21972 --- [backend] [restartedMain] o.s.b.w.embedded.tomcat.TomcatWebServer  : Tomcat initialized with port 8080 (http)
2026-07-12T14:58:39.479-05:00  INFO 21972 --- [backend] [restartedMain] o.apache.catalina.core.StandardService   : Starting service [Tomcat]
2026-07-12T14:58:39.480-05:00  INFO 21972 --- [backend] [restartedMain] o.apache.catalina.core.StandardEngine    : Starting Servlet engine: [Apache Tomcat/10.1.20]
2026-07-12T14:58:39.514-05:00  INFO 21972 --- [backend] [restartedMain] o.a.c.c.C.[Tomcat].[localhost].[/]       : Initializing Spring embedded WebApplicationContext
2026-07-12T14:58:39.515-05:00  INFO 21972 --- [backend] [restartedMain] w.s.c.ServletWebServerApplicationContext : Root WebApplicationContext: initialization completed in 671 ms
2026-07-12T14:58:39.802-05:00  INFO 21972 --- [backend] [restartedMain] o.hibernate.jpa.internal.util.LogHelper  : HHH000204: Processing PersistenceUnitInfo [name: default]
2026-07-12T14:58:39.808-05:00  INFO 21972 --- [backend] [restartedMain] o.h.c.internal.RegionFactoryInitiator    : HHH000026: Second-level cache disabled
2026-07-12T14:58:39.815-05:00  INFO 21972 --- [backend] [restartedMain] o.s.o.j.p.SpringPersistenceUnitInfo      : No LoadTimeWeaver setup: ignoring JPA class transformer
2026-07-12T14:58:39.817-05:00  INFO 21972 --- [backend] [restartedMain] com.zaxxer.hikari.HikariDataSource       : HikariPool-2 - Starting...
2026-07-12T14:58:39.832-05:00  INFO 21972 --- [backend] [restartedMain] com.zaxxer.hikari.pool.HikariPool        : HikariPool-2 - Added connection com.mysql.cj.jdbc.ConnectionImpl@19524140
2026-07-12T14:58:39.833-05:00  INFO 21972 --- [backend] [restartedMain] com.zaxxer.hikari.HikariDataSource       : HikariPool-2 - Start completed.
2026-07-12T14:58:39.834-05:00  WARN 21972 --- [backend] [restartedMain] org.hibernate.orm.deprecation            : HHH90000025: MySQL8Dialect does not need to be specified explicitly using 'hibernate.dialect' (remove the property setting and it will be selected by default)
2026-07-12T14:58:39.835-05:00  WARN 21972 --- [backend] [restartedMain] org.hibernate.orm.deprecation            : HHH90000026: MySQL8Dialect has been deprecated; use org.hibernate.dialect.MySQLDialect instead
2026-07-12T14:58:39.987-05:00  INFO 21972 --- [backend] [restartedMain] o.h.e.t.j.p.i.JtaPlatformInitiator       : HHH000489: No JTA platform available (set 'hibernate.transaction.jta.platform' to enable JTA platform integration)
2026-07-12T14:58:40.038-05:00  INFO 21972 --- [backend] [restartedMain] j.LocalContainerEntityManagerFactoryBean : Initialized JPA EntityManagerFactory for persistence unit 'default'
2026-07-12T14:58:40.357-05:00  WARN 21972 --- [backend] [restartedMain] JpaBaseConfiguration$JpaWebConfiguration : spring.jpa.open-in-view is enabled by default. Therefore, database queries may be performed during view rendering. Explicitly configure spring.jpa.open-in-view to disable this warning
2026-07-12T14:58:40.384-05:00  WARN 21972 --- [backend] [restartedMain] .s.s.UserDetailsServiceAutoConfiguration : 

Using generated security password: 809fe079-2dca-48b4-b4d1-12b4dd9b97ed

This generated password is for development use only. Your security configuration must be updated before running your application in production.

2026-07-12T14:58:40.556-05:00  INFO 21972 --- [backend] [restartedMain] o.s.b.a.e.web.EndpointLinksResolver      : Exposing 4 endpoint(s) beneath base path '/actuator'
2026-07-12T14:58:40.582-05:00  INFO 21972 --- [backend] [restartedMain] o.s.s.web.DefaultSecurityFilterChain     : Will secure any request with [org.springframework.security.web.session.DisableEncodeUrlFilter@9f9b433, org.springframework.security.web.context.request.async.WebAsyncManagerIntegrationFilter@7985f632, org.springframework.security.web.context.SecurityContextHolderFilter@7fec0717, org.springframework.security.web.header.HeaderWriterFilter@d0f10f4, org.springframework.web.filter.CorsFilter@1e89c3b0, org.springframework.security.web.authentication.logout.LogoutFilter@676b50d, com.ventas.backend.security.JwtFilter@515cfba8, org.springframework.security.web.savedrequest.RequestCacheAwareFilter@7a1e7684, org.springframework.security.web.servletapi.SecurityContextHolderAwareRequestFilter@689cb941, org.springframework.security.web.authentication.AnonymousAuthenticationFilter@5c9c2301, org.springframework.security.web.session.SessionManagementFilter@20bd99cc, org.springframework.security.web.access.ExceptionTranslationFilter@4dd8fee8, org.springframework.security.web.access.intercept.AuthorizationFilter@6ab347f1]
2026-07-12T14:58:40.775-05:00  INFO 21972 --- [backend] [restartedMain] o.s.b.d.a.OptionalLiveReloadServer       : LiveReload server is running on port 35729
2026-07-12T14:58:40.794-05:00  INFO 21972 --- [backend] [restartedMain] o.s.b.w.embedded.tomcat.TomcatWebServer  : Tomcat started on port 8080 (http) with context path ''
2026-07-12T14:58:40.795-05:00  INFO 21972 --- [backend] [restartedMain] o.s.m.s.b.SimpleBrokerMessageHandler     : Starting...
2026-07-12T14:58:40.795-05:00  INFO 21972 --- [backend] [restartedMain] o.s.m.s.b.SimpleBrokerMessageHandler     : BrokerAvailabilityEvent[available=true, SimpleBrokerMessageHandler [org.springframework.messaging.simp.broker.DefaultSubscriptionRegistry@769c0824]]
2026-07-12T14:58:40.795-05:00  INFO 21972 --- [backend] [restartedMain] o.s.m.s.b.SimpleBrokerMessageHandler     : Started.
2026-07-12T14:58:40.804-05:00  INFO 21972 --- [backend] [restartedMain] com.ventas.backend.BackendApplication    : Started BackendApplication in 2.003 seconds (process running for 154.188)
2026-07-12T14:58:40.838-05:00  INFO 21972 --- [backend] [restartedMain] .ConditionEvaluationDeltaLoggingListener : Condition evaluation unchanged
2026-07-12T14:58:41.067-05:00  INFO 21972 --- [backend] [registrationTask1] d.c.b.a.c.r.ApplicationRegistrator       : Application registered itself as a973ff14be49
2026-07-12T14:58:41.123-05:00  INFO 21972 --- [backend] [http-nio-8080-exec-1] o.a.c.c.C.[Tomcat].[localhost].[/]       : Initializing Spring DispatcherServlet 'dispatcherServlet'
2026-07-12T14:58:41.124-05:00  INFO 21972 --- [backend] [http-nio-8080-exec-1] o.s.web.servlet.DispatcherServlet        : Initializing Servlet 'dispatcherServlet'
2026-07-12T14:58:41.127-05:00  INFO 21972 --- [backend] [http-nio-8080-exec-1] o.s.web.servlet.DispatcherServlet        : Completed initialization in 2 ms
